[debug] [2018-06-17T06:06:52.498Z] ----------------------------------------------------------------------
[debug] [2018-06-17T06:06:52.502Z] Command:       C:\Program Files\nodejs\node.exe C:\Users\lgonzal1\AppData\Roaming\npm\node_modules\firebase-tools\bin\firebase serve
[debug] [2018-06-17T06:06:52.502Z] CLI Version:   3.18.6
[debug] [2018-06-17T06:06:52.502Z] Platform:      win32
[debug] [2018-06-17T06:06:52.502Z] Node Version:  v8.11.3
[debug] [2018-06-17T06:06:52.503Z] Time:          Sun Jun 17 2018 00:06:52 GMT-0600 (Mountain Daylight Time (Mexico))
[debug] [2018-06-17T06:06:52.503Z] ----------------------------------------------------------------------
[debug] 
[debug] [2018-06-17T06:06:52.520Z] > command requires scopes: ["email","openid","https://www.googleapis.com/auth/cloudplatformprojects.readonly","https://www.googleapis.com/auth/firebase","https://www.googleapis.com/auth/cloud-platform"]
[debug] [2018-06-17T06:06:52.522Z] > authorizing via signed-in user
[debug] [2018-06-17T06:06:52.525Z] >>> HTTP REQUEST GET https://admin.firebase.com/v1/projects/quiniela-fifa-2018  
  
 Sun Jun 17 2018 00:06:52 GMT-0600 (Mountain Daylight Time (Mexico))
[debug] [2018-06-17T06:06:53.079Z] <<< HTTP RESPONSE 200
[debug] [2018-06-17T06:06:53.080Z] >>> HTTP REQUEST GET https://admin.firebase.com/v1/database/quiniela-fifa-2018/tokens  
  
 Sun Jun 17 2018 00:06:53 GMT-0600 (Mountain Daylight Time (Mexico))
[debug] [2018-06-17T06:06:53.669Z] <<< HTTP RESPONSE 200
[debug] [2018-06-17T06:06:53.670Z] >>> HTTP REQUEST GET https://cloudresourcemanager.googleapis.com/v1/projects/quiniela-fifa-2018  
  
 Sun Jun 17 2018 00:06:53 GMT-0600 (Mountain Daylight Time (Mexico))
[debug] [2018-06-17T06:06:55.983Z] <<< HTTP RESPONSE 200
[info] 
[info] === Serving from 'C:\DZ\Projects\Fifa2018'...
[info] 
[debug] [2018-06-17T06:06:55.990Z] >>> HTTP REQUEST GET https://mobilesdk-pa.googleapis.com/v1/projects/389850027858/clients/_:getWebAppConfig  
  
 Sun Jun 17 2018 00:06:55 GMT-0600 (Mountain Daylight Time (Mexico))
[debug] [2018-06-17T06:06:56.419Z] <<< HTTP RESPONSE 200
[info] i  hosting: Serving hosting files from: dist
[info] +  hosting: Local server: http://localhost:5000

